C51 COMPILER V9.01   MAIN                                                                  05/14/2020 13:24:26 PAGE 1   


C51 COMPILER V9.01, COMPILATION OF MODULE MAIN
OBJECT MODULE PLACED IN main.OBJ
COMPILER INVOKED BY: C:\Keil\C51\BIN\C51.EXE main.c BROWSE DEBUG OBJECTEXTEND

line level    source

   1          #include <reg52.h>
   2          #include <intrins.h>
   3          
   4          sbit led_power=P0^0;
   5          sbit engine=P1^0;
   6          
   7          //延时函数delay
   8          void delay(int i)
   9          {
  10   1          while(i--);
  11   1      }
  12          
  13          //主程序
  14          void main()
  15          {
  16   1      long i;
  17   1      led_power=0;
  18   1      engine=0;
  19   1      for(i=0;i<400;i++) //??400?,?????20s
  20   1      {
  21   2          engine=1;
  22   2          delay(5000);  //????????5ms
  23   2      }
  24   1      engine=0;
  25   1      while(1)
  26   1      {
  27   2      
  28   2      }
  29   1      }


MODULE INFORMATION:   STATIC OVERLAYABLE
   CODE SIZE        =     85    ----
   CONSTANT SIZE    =   ----    ----
   XDATA SIZE       =   ----    ----
   PDATA SIZE       =   ----    ----
   DATA SIZE        =   ----       4
   IDATA SIZE       =   ----    ----
   BIT SIZE         =   ----    ----
END OF MODULE INFORMATION.


C51 COMPILATION COMPLETE.  0 WARNING(S),  0 ERROR(S)
